[debug] [2024-01-15T13:06:42.590Z] ----------------------------------------------------------------------
[debug] [2024-01-15T13:06:42.594Z] Command:       C:\Program Files\nodejs\node.exe C:\Users\hp\AppData\Roaming\npm\node_modules\firebase-tools\lib\bin\firebase.js init
[debug] [2024-01-15T13:06:42.595Z] CLI Version:   13.0.3
[debug] [2024-01-15T13:06:42.595Z] Platform:      win32
[debug] [2024-01-15T13:06:42.595Z] Node Version:  v18.16.0
[debug] [2024-01-15T13:06:42.596Z] Time:          Mon Jan 15 2024 15:06:42 GMT+0200 (Eastern European Standard Time)
[debug] [2024-01-15T13:06:42.597Z] ----------------------------------------------------------------------
[debug] 
[debug] [2024-01-15T13:06:42.606Z] > command requires scopes: ["email","openid","https://www.googleapis.com/auth/cloudplatformprojects.readonly","https://www.googleapis.com/auth/firebase","https://www.googleapis.com/auth/cloud-platform"]
[debug] [2024-01-15T13:06:42.606Z] > authorizing via signed-in user (tarekyosry8@gmail.com)
[info] 
     ######## #### ########  ######## ########     ###     ######  ########
     ##        ##  ##     ## ##       ##     ##  ##   ##  ##       ##
     ######    ##  ########  ######   ########  #########  ######  ######
     ##        ##  ##    ##  ##       ##     ## ##     ##       ## ##
     ##       #### ##     ## ######## ########  ##     ##  ######  ########

You're about to initialize a Firebase project in this directory:

  D:\A2Z Media\Courses\react-course

[info] 
=== Project Setup
[info] 
[info] First, let's associate this project directory with a Firebase project.
[info] You can create multiple project aliases by running firebase use --add, 
[info] but for now we'll just set up a default project.
[info] 
[debug] [2024-01-15T13:08:35.360Z] >>> [apiv2][query] GET https://firebase.googleapis.com/v1beta1/projects pageSize=100
[debug] [2024-01-15T13:08:36.145Z] <<< [apiv2][status] GET https://firebase.googleapis.com/v1beta1/projects 200
[debug] [2024-01-15T13:08:36.146Z] <<< [apiv2][body] GET https://firebase.googleapis.com/v1beta1/projects [omitted]
[info] i  Using project react-social-media-2c281 (react-social-media) 
[info] 
=== Hosting Setup
[debug] [2024-01-15T13:08:41.968Z] >>> [apiv2][query] GET https://firebase.googleapis.com/v1beta1/projects/react-social-media-2c281 [none]
[debug] [2024-01-15T13:08:42.402Z] <<< [apiv2][status] GET https://firebase.googleapis.com/v1beta1/projects/react-social-media-2c281 200
[debug] [2024-01-15T13:08:42.403Z] <<< [apiv2][body] GET https://firebase.googleapis.com/v1beta1/projects/react-social-media-2c281 {"projectId":"react-social-media-2c281","projectNumber":"521925387918","displayName":"react-social-media","name":"projects/react-social-media-2c281","resources":{"hostingSite":"react-social-media-2c281"},"state":"ACTIVE","etag":"1_9c3246e6-370f-4a92-9a3b-ddef1ac38f82"}
[info] 
[info] Your public directory is the folder (relative to your project directory) that
[info] will contain Hosting assets to be uploaded with firebase deploy. If you
[info] have a build process for your assets, use your build's output directory.
[info] 
[info] +  Wrote public/404.html 
[debug] [2024-01-15T13:10:39.750Z] >>> [apiv2][query] GET https://www.gstatic.com/firebasejs/releases.json [none]
[debug] [2024-01-15T13:10:40.017Z] <<< [apiv2][status] GET https://www.gstatic.com/firebasejs/releases.json 200
[debug] [2024-01-15T13:10:40.018Z] <<< [apiv2][body] GET https://www.gstatic.com/firebasejs/releases.json {"current":{"version":"10.7.1","browserURL":"https://www.gstatic.com/firebasejs/10.7.1/firebase.js","packageURL":"https://www.gstatic.com/firebasejs/10.7.1/firebase.tgz"},"live":{"version":"10.7","browserURL":"https://www.gstatic.com/firebasejs/live/10.7/firebase.js","packageURL":"https://www.gstatic.com/firebasejs/live/10.7/firebase.tgz"},"components":{"analytics":"https://www.gstatic.com/firebasejs/10.7.1/firebase-analytics.js","app":"https://www.gstatic.com/firebasejs/10.7.1/firebase-app.js","app-check":"https://www.gstatic.com/firebasejs/10.7.1/firebase-app-check.js","auth":"https://www.gstatic.com/firebasejs/10.7.1/firebase-auth.js","auth/cordova":"https://www.gstatic.com/firebasejs/10.7.1/firebase-auth/cordova.js","functions":"https://www.gstatic.com/firebasejs/10.7.1/firebase-functions.js","firestore":"https://www.gstatic.com/firebasejs/10.7.1/firebase-firestore.js","firestore/lite":"https://www.gstatic.com/firebasejs/10.7.1/firebase-firestore/lite.js","installations":"https://www.gstatic.com/firebasejs/10.7.1/firebase-installations.js","storage":"https://www.gstatic.com/firebasejs/10.7.1/firebase-storage.js","performance":"https://www.gstatic.com/firebasejs/10.7.1/firebase-performance.js","remote-config":"https://www.gstatic.com/firebasejs/10.7.1/firebase-remote-config.js","messaging":"https://www.gstatic.com/firebasejs/10.7.1/firebase-messaging.js","messaging/sw":"https://www.gstatic.com/firebasejs/10.7.1/firebase-messaging/sw.js","database":"https://www.gstatic.com/firebasejs/10.7.1/firebase-database.js","firestore.memory":"https://www.gstatic.com/firebasejs/10.7.1/firebase-firestore.memory.js"}}
[info] i  Skipping write of public/index.html 
[info] 
[info] i  Detected a .git folder at D:\A2Z Media\Courses\react-course 
[info] i  Authorizing with GitHub to upload your service account to a GitHub repository's secrets store. 
[info] 
[info] Visit this URL on this device to log in:
[info] https://github.com/login/oauth/authorize?client_id=89cf50f02ac6aaed3484&state=925530419&redirect_uri=http%3A%2F%2Flocalhost%3A9005&scope=read%3Auser%20repo%20public_repo
[info] 
[info] Waiting for authentication...
[debug] [2024-01-15T13:11:17.892Z] >>> [apiv2][query] POST https://github.com/login/oauth/access_token [none]
[debug] [2024-01-15T13:11:17.892Z] >>> [apiv2][body] POST https://github.com/login/oauth/access_token [stream]
[debug] [2024-01-15T13:11:18.416Z] <<< [apiv2][status] POST https://github.com/login/oauth/access_token 200
[debug] [2024-01-15T13:11:18.417Z] <<< [apiv2][body] POST https://github.com/login/oauth/access_token {"access_token":"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","token_type":"bearer","scope":"read:user,repo"}
[debug] [2024-01-15T13:11:18.436Z] >>> [apiv2][query] GET https://api.github.com/user [none]
[debug] [2024-01-15T13:11:18.951Z] <<< [apiv2][status] GET https://api.github.com/user 200
[debug] [2024-01-15T13:11:18.952Z] <<< [apiv2][body] GET https://api.github.com/user {"login":"tarek102","id":83262890,"node_id":"MDQ6VXNlcjgzMjYyODkw","avatar_url":"https://avatars.githubusercontent.com/u/83262890?v=4","gravatar_id":"","url":"https://api.github.com/users/tarek102","html_url":"https://github.com/tarek102","followers_url":"https://api.github.com/users/tarek102/followers","following_url":"https://api.github.com/users/tarek102/following{/other_user}","gists_url":"https://api.github.com/users/tarek102/gists{/gist_id}","starred_url":"https://api.github.com/users/tarek102/starred{/owner}{/repo}","subscriptions_url":"https://api.github.com/users/tarek102/subscriptions","organizations_url":"https://api.github.com/users/tarek102/orgs","repos_url":"https://api.github.com/users/tarek102/repos","events_url":"https://api.github.com/users/tarek102/events{/privacy}","received_events_url":"https://api.github.com/users/tarek102/received_events","type":"User","site_admin":false,"name":"Tarek","company":"Full-stack web developer","blog":"https://tarek-yosry.netlify.app/","location":"Cairo, Egypt","email":"tarekyosry8@gmail.com","hireable":null,"bio":"I'm a full-stack web developer. I work with JavaScript, React, and Ruby on Rails.\r\n\r\nI am currently open to new job opportunities.\r\n\r\n","twitter_username":"TarekYosry14","public_repos":60,"public_gists":1,"followers":27,"following":28,"created_at":"2021-04-27T03:47:42Z","updated_at":"2024-01-15T13:11:01Z","private_gists":0,"total_private_repos":1,"owned_private_repos":1,"disk_usage":62851,"collaborators":0,"two_factor_authentication":false,"plan":{"name":"pro","space":976562499,"collaborators":0,"private_repos":9999}}
[info] 
[info] +  Success! Logged into GitHub as tarek102 
[info] 
